<?xml version="1.0" encoding="UTF-8"?>
<!-- Generated by org.testng.reporters.JUnitReportReporter -->
<testsuite hostname="DESKTOP-LSM8SKP" failures="0" tests="1" name="web.tests.HeadersTest.headers_test" time="157.645" errors="0" timestamp="2024-04-10T17:53:45 IST" skipped="0">
  <testcase classname="web.tests.HeadersTest.headers_test" name="verify_data_in_header" time="157.645">
    <system-out>
      <![CDATA[Step : Click on about_us_header<br>
Step : Click on services_header<br>
Step : Click on branches_header<br>
Step : Click on promotions_header<br>
Step : Click on contact_header<br>
Step : Click on remit_online_header<br>
Step : Click on news_header<br>
Step : Click on faq_header<br>
Step : Click on arabic_language_header<br>
Step : Click on about_us_header<br>
Step : Click on about_us_header<br>
Step : Click on services_header<br>
Step : Click on branches_header<br>
Step : Click on promotions_header<br>
Step : Click on contact_header<br>
Step : Click on remit_online_header<br>
Step : Click on news_header<br>
Step : Click on faq_header<br>]]>
    </system-out>
  </testcase> <!-- verify_data_in_header -->
  <system-out>
    <![CDATA[Step : Click on destination_country_dropdown_click<br>
Step : clear value from your_send_text_single text fields and enter text 80.0<br>
Step : Click on your_receive_text_currency_type_single<br>
Currency type is: EUR
Current exchange value is: 2.957267
Amount you want to convert: 100
Exchange value is: 296
Current date of exchange is: 16-Apr 11:00 AM Delivery
Total fee to be deducted is: Fees = 7  KWD
Step : Click on destination_country_dropdown_click<br>
Step : clear value from your_send_text_single text fields and enter text 110.0<br>
Step : Click on your_receive_text_currency_type_single<br>
Currency type is: USD
Current exchange value is: 3.247913
Amount you want to convert: 110
Exchange value is: 357
Current date of exchange is: 14-Apr 02:00 PM Delivery
Total fee to be deducted is: Fees = 1.75  KWD
Step : Click on destination_country_dropdown_click<br>
Step : clear value from your_send_text_single text fields and enter text 134.0<br>
Step : Click on your_receive_text_currency_type_single<br>
Currency type is: EUR
Current exchange value is: 2.957267
Amount you want to convert: 100
Exchange value is: 296
Current date of exchange is: 16-Apr 11:00 AM Delivery
Total fee to be deducted is: Fees = 7  KWD
Step : Click on about_us_header<br>
Step : Click on services_header<br>
Step : Click on branches_header<br>
Step : Click on promotions_header<br>
Step : Click on contact_header<br>
Step : Click on remit_online_header<br>
Step : Click on news_header<br>
Step : Click on faq_header<br>
Step : Click on arabic_language_header<br>
Step : Click on about_us_header<br>
Step : Click on about_us_header<br>
Step : Click on services_header<br>
Step : Click on branches_header<br>
Step : Click on promotions_header<br>
Step : Click on contact_header<br>
Step : Click on remit_online_header<br>
Step : Click on news_header<br>
Step : Click on faq_header<br>
Step : Click on remit_online_linked_text<br>
Step : Click on sign_up_on_remit_online_page<br>
Step : Click on civil_id_text_on_remit_online<br>
Step : Enter text 353747 at locator civil_id_text_on_remit_online<br>
Step : Click on send_otp_button_on_remit_online<br>]]>
  </system-out>
</testsuite> <!-- web.tests.HeadersTest.headers_test -->
